<?xml version="1.0" encoding="UTF-8"?>
<!-- Generated by org.testng.reporters.JUnitXMLReporter -->
<testsuite ignored="0" hostname="LTIN168041" failures="1" tests="8" name="Edge Test" time="506.076" errors="0" timestamp="2024-02-13T15:21:57 IST">
  <testcase classname="testCases.Tc_001_homePageTest" name="verify_home_page" time="20.366"/>
  <testcase classname="testCases.Tc_001_homePageTest" name="verify_around_cognizant" time="103.445"/>
  <testcase classname="testCases.Tc_001_homePageTest" name="writeData" time="100.067"/>
  <testcase classname="testCases.Tc_001_homePageTest" name="getTool_Tip" time="100.046"/>
  <testcase classname="testCases.Tc_001_homePageTest" name="click_seeAll" time="0.388"/>
  <testcase classname="testCases.Tc_001_homePageTest" name="second_page_header" time="6.656"/>
  <testcase classname="testCases.Tc_001_homePageTest" name="header_verification" time="100.052">
    <failure type="java.lang.NoSuchMethodError" message="&amp;apos;void org.testng.Assert.assertEquals(java.lang.Boolean, boolean, java.lang.String)&amp;apos;">
      <![CDATA[java.lang.NoSuchMethodError: 'void org.testng.Assert.assertEquals(java.lang.Boolean, boolean, java.lang.String)'
at testCases.Tc_001_homePageTest.header_verification(Tc_001_homePageTest.java:162)
at java.base/java.util.ArrayList.forEach(ArrayList.java:1511)
... Removed 27 stack frames]]>
    </failure>
  </testcase> <!-- header_verification -->
  <testcase classname="testCases.Tc_001_homePageTest" name="news" time="18.304"/>
</testsuite> <!-- Edge Test -->
