<?xml version="1.0" encoding="UTF-8"?>
<!-- Generated by org.testng.reporters.JUnitXMLReporter -->
<testsuite ignored="0" hostname="LTIN168041" failures="0" tests="7" name="Test1" time="95.105" errors="0" timestamp="2024-02-09T21:34:18 IST">
  <testcase classname="testCases.Tc_001_homePageTest" name="verify_home_page" time="9.008"/>
  <testcase classname="testCases.Tc_001_homePageTest" name="verify_around_cognizant" time="3.696"/>
  <testcase classname="testCases.Tc_001_homePageTest" name="writeData" time="2.186"/>
  <testcase classname="testCases.Tc_001_homePageTest" name="getTool_Tip" time="5.757"/>
  <testcase classname="testCases.Tc_001_homePageTest" name="click_seeAll" time="1.767"/>
  <testcase classname="testCases.Tc_001_homePageTest" name="verifyingNews" time="16.301"/>
  <testcase classname="testCases.Tc_001_homePageTest" name="news" time="32.606"/>
</testsuite> <!-- Test1 -->
